TN:
SF:src/services/mockApi.ts
FN:30,(anonymous_7)
FN:68,(anonymous_8)
FN:68,(anonymous_9)
FN:71,(anonymous_10)
FN:71,(anonymous_11)
FN:76,(anonymous_12)
FN:76,(anonymous_13)
FN:95,(anonymous_14)
FNF:8
FNH:8
FNDA:2,(anonymous_7)
FNDA:15,(anonymous_8)
FNDA:15,(anonymous_9)
FNDA:11,(anonymous_10)
FNDA:11,(anonymous_11)
FNDA:4,(anonymous_12)
FNDA:4,(anonymous_13)
FNDA:11,(anonymous_14)
DA:1,2
DA:3,2
DA:28,2
DA:30,2
DA:31,2
DA:36,2
DA:38,2
DA:39,150
DA:40,150
DA:43,150
DA:44,150
DA:51,150
DA:61,150
DA:62,150
DA:65,2
DA:68,15
DA:70,2
DA:71,11
DA:72,11
DA:73,11
DA:76,4
DA:77,4
DA:79,4
DA:80,4
DA:81,1
DA:84,3
DA:90,3
DA:91,3
DA:96,11
DA:97,11
DA:98,3
DA:101,8
DA:107,8
DA:108,8
DA:113,2
LF:35
LH:35
BRDA:44,0,0,44
BRDA:44,0,1,106
BRDA:80,1,0,1
BRDA:97,2,0,3
BRF:4
BRH:4
end_of_record
TN:
SF:src/services/mockWebSocket.ts
FN:4,(anonymous_7)
FN:17,(anonymous_8)
FN:22,(anonymous_9)
FN:23,(anonymous_10)
FN:24,(anonymous_11)
FN:32,(anonymous_12)
FN:40,(anonymous_13)
FN:42,(anonymous_14)
FN:43,(anonymous_15)
FN:47,(anonymous_16)
FN:68,(anonymous_17)
FN:73,(anonymous_18)
FN:79,(anonymous_19)
FN:84,(anonymous_20)
FN:89,(anonymous_21)
FN:89,(anonymous_22)
FN:94,(anonymous_23)
FN:94,(anonymous_24)
FN:106,(anonymous_25)
FNF:19
FNH:17
FNDA:1,(anonymous_7)
FNDA:1,(anonymous_8)
FNDA:10,(anonymous_9)
FNDA:10,(anonymous_10)
FNDA:10,(anonymous_11)
FNDA:13,(anonymous_12)
FNDA:8,(anonymous_13)
FNDA:1,(anonymous_14)
FNDA:5,(anonymous_15)
FNDA:9,(anonymous_16)
FNDA:43,(anonymous_17)
FNDA:9,(anonymous_18)
FNDA:7,(anonymous_19)
FNDA:10,(anonymous_20)
FNDA:2,(anonymous_21)
FNDA:2,(anonymous_22)
FNDA:0,(anonymous_23)
FNDA:0,(anonymous_24)
FNDA:2,(anonymous_25)
DA:2,1
DA:4,1
DA:5,1
DA:6,1
DA:7,1
DA:18,1
DA:19,1
DA:20,1
DA:23,10
DA:24,10
DA:25,10
DA:26,10
DA:27,10
DA:33,13
DA:34,13
DA:35,1
DA:36,1
DA:41,8
DA:42,8
DA:43,5
DA:48,9
DA:51,9
DA:55,9
DA:56,9
DA:61,2
DA:68,9
DA:69,43
DA:74,9
DA:75,2
DA:76,2
DA:79,7
DA:80,7
DA:86,10
DA:87,10
DA:89,10
DA:90,2
DA:93,2
DA:94,1
DA:95,0
DA:101,10
DA:102,0
DA:107,2
DA:109,2
DA:110,2
DA:113,2
DA:114,2
DA:117,2
DA:123,2
DA:128,0
DA:133,1
LF:50
LH:47
BRDA:4,0,0,1
BRDA:4,0,1,1
BRDA:34,1,0,1
BRDA:48,2,0,0
BRDA:51,3,0,9
BRDA:52,4,0,9
BRDA:52,4,1,9
BRDA:74,5,0,2
BRDA:93,6,0,1
BRDA:101,7,0,0
BRDA:101,8,0,10
BRDA:101,8,1,0
BRDA:107,9,0,0
BRDA:114,10,0,0
BRF:14
BRH:9
end_of_record
TN:
SF:src/types/task.ts
FN:1,(anonymous_0)
FNF:1
FNH:1
FNDA:2,(anonymous_0)
DA:1,2
DA:2,2
DA:3,2
DA:4,2
LF:4
LH:4
BRDA:1,0,0,2
BRDA:1,0,1,2
BRF:2
BRH:2
end_of_record
